c:\users\zavel\onedrive\desktop\proiectlicenta\userfeaturestracker\userfeaturestracker\x64\release\vc143.pdb
c:\users\zavel\onedrive\desktop\proiectlicenta\userfeaturestracker\userfeaturestracker\x64\release\regression.obj
c:\users\zavel\onedrive\desktop\proiectlicenta\userfeaturestracker\userfeaturestracker\x64\release\pupildetector.obj
c:\users\zavel\onedrive\desktop\proiectlicenta\userfeaturestracker\userfeaturestracker\x64\release\main.obj
c:\users\zavel\onedrive\desktop\proiectlicenta\userfeaturestracker\userfeaturestracker\x64\release\helpers.obj
c:\users\zavel\onedrive\desktop\proiectlicenta\userfeaturestracker\userfeaturestracker\x64\release\constants.obj
c:\users\zavel\onedrive\desktop\proiectlicenta\userfeaturestracker\userfeaturestracker\x64\release\calibration.obj
c:\users\zavel\onedrive\desktop\proiectlicenta\userfeaturestracker\userfeaturestracker\x64\release\source.obj
c:\users\zavel\onedrive\desktop\proiectlicenta\userfeaturestracker\x64\release\userfeaturestracker.dll
c:\users\zavel\onedrive\desktop\proiectlicenta\userfeaturestracker\userfeaturestracker\x64\release\userfeaturestracker.ipdb
c:\users\zavel\onedrive\desktop\proiectlicenta\userfeaturestracker\x64\release\userfeaturestracker.pdb
c:\users\zavel\onedrive\desktop\proiectlicenta\userfeaturestracker\userfeaturestracker\x64\release\userfeaturestracker.iobj
c:\users\zavel\onedrive\desktop\proiectlicenta\userfeaturestracker\x64\release\userfeaturestracker.lib
c:\users\zavel\onedrive\desktop\proiectlicenta\userfeaturestracker\x64\release\userfeaturestracker.exp
c:\users\zavel\onedrive\desktop\proiectlicenta\userfeaturestracker\userfeaturestracker\x64\release\userfeat.bf0eed57.tlog\cl.command.1.tlog
c:\users\zavel\onedrive\desktop\proiectlicenta\userfeaturestracker\userfeaturestracker\x64\release\userfeat.bf0eed57.tlog\cl.read.1.tlog
c:\users\zavel\onedrive\desktop\proiectlicenta\userfeaturestracker\userfeaturestracker\x64\release\userfeat.bf0eed57.tlog\cl.write.1.tlog
c:\users\zavel\onedrive\desktop\proiectlicenta\userfeaturestracker\userfeaturestracker\x64\release\userfeat.bf0eed57.tlog\link.command.1.tlog
c:\users\zavel\onedrive\desktop\proiectlicenta\userfeaturestracker\userfeaturestracker\x64\release\userfeat.bf0eed57.tlog\link.read.1.tlog
c:\users\zavel\onedrive\desktop\proiectlicenta\userfeaturestracker\userfeaturestracker\x64\release\userfeat.bf0eed57.tlog\link.write.1.tlog
c:\users\zavel\onedrive\desktop\proiectlicenta\userfeaturestracker\userfeaturestracker\x64\release\userfeat.bf0eed57.tlog\userfeaturestracker.write.1u.tlog
